0 info it worked if it ends with ok
1 verbose cli [ 'node',
1 verbose cli   '/usr/local/bin/npm',
1 verbose cli   '--registry',
1 verbose cli   'http://npm.stdyun.com',
1 verbose cli   'install',
1 verbose cli   '-g',
1 verbose cli   'express' ]
2 info using npm@2.12.1
3 info using node@v0.12.7
4 verbose node symlink /usr/local/bin/node
5 verbose install initial load of /usr/local/lib/package.json
6 verbose readDependencies loading dependencies from /usr/local/lib/package.json
7 silly cache add args [ 'express', null ]
8 verbose cache add spec express
9 silly cache add parsed spec { raw: 'express',
9 silly cache add   scope: null,
9 silly cache add   name: 'express',
9 silly cache add   rawSpec: '',
9 silly cache add   spec: '*',
9 silly cache add   type: 'range' }
10 silly addNamed express@*
11 verbose addNamed "*" is a valid semver range for express
12 silly addNameRange { name: 'express', range: '*', hasData: false }
13 silly mapToRegistry name express
14 silly mapToRegistry using default registry
15 silly mapToRegistry registry http://npm.stdyun.com/
16 silly mapToRegistry uri http://npm.stdyun.com/express
17 verbose addNameRange registry:http://npm.stdyun.com/express not in flight; fetching
18 verbose request uri http://npm.stdyun.com/express
19 verbose request no auth needed
20 info attempt registry request try #1 at 14:54:31
21 verbose request id d54c7bee4400b7b2
22 http request GET http://npm.stdyun.com/express
23 http 200 http://npm.stdyun.com/express
24 verbose bad json OK
25 error registry error parsing json
26 verbose headers { server: 'Tengine',
26 verbose headers   date: 'Sat, 26 Sep 2015 06:54:32 GMT',
26 verbose headers   'content-type': 'application/octet-stream',
26 verbose headers   'content-length': '2',
26 verbose headers   connection: 'keep-alive' }
27 silly get cb [ 200,
27 silly get   { server: 'Tengine',
27 silly get     date: 'Sat, 26 Sep 2015 06:54:32 GMT',
27 silly get     'content-type': 'application/octet-stream',
27 silly get     'content-length': '2',
27 silly get     connection: 'keep-alive' } ]
28 verbose stack SyntaxError: Unexpected token O
28 verbose stack OK
28 verbose stack     at Object.parse (native)
28 verbose stack     at CachingRegistryClient.<anonymous> (/usr/local/lib/node_modules/npm/node_modules/npm-registry-client/lib/request.js:197:23)
28 verbose stack     at Request._callback (/usr/local/lib/node_modules/npm/node_modules/npm-registry-client/lib/request.js:170:14)
28 verbose stack     at Request.self.callback (/usr/local/lib/node_modules/npm/node_modules/request/request.js:197:22)
28 verbose stack     at Request.emit (events.js:110:17)
28 verbose stack     at Request.<anonymous> (/usr/local/lib/node_modules/npm/node_modules/request/request.js:1050:14)
28 verbose stack     at Request.emit (events.js:129:20)
28 verbose stack     at IncomingMessage.<anonymous> (/usr/local/lib/node_modules/npm/node_modules/request/request.js:996:12)
28 verbose stack     at IncomingMessage.emit (events.js:129:20)
28 verbose stack     at _stream_readable.js:908:16
29 verbose cwd /Users/chqiangs/Documents/git-project/3coffee-angular-seed
30 error Darwin 14.5.0
31 error argv "node" "/usr/local/bin/npm" "--registry" "http://npm.stdyun.com" "install" "-g" "express"
32 error node v0.12.7
33 error npm  v2.12.1
34 error Unexpected token O
34 error OK
35 error If you need help, you may report this error at:
35 error     <https://github.com/npm/npm/issues>
36 verbose exit [ 1, true ]
